#------------------------------------------------------------------------------
# System data
#

# test run info
shells="/bin/sh /bin/bash /bin/dash /bin/ksh /bin/pdksh /bin/zsh"
tests=" shunit2_test_asserts.sh shunit2_test_failures.sh shunit2_test_macros.sh shunit2_test_misc.sh"

# system info
$ date
Sat Jul 12 11:43:59 GMT 2008
$ uname -mprsv
SunOS 5.11 snv_77 i86pc i386


#------------------------------------------------------------------------------
# Running the test suite with /bin/sh
#
shell name: sh
shell version: unknown

--- Executing the 'asserts' test suite ---
testAssertEquals
testAssertNotEquals
testAssertSame
testAssertNotSame
testAssertNull
testAssertNotNull
testAssertTrue
testAssertFalse

Ran 8 tests.

OK

--- Executing the 'failures' test suite ---
testFail
testFailNotEquals
testFailSame

Ran 3 tests.

OK

--- Executing the 'macros' test suite ---
testAssertEquals
testAssertNotEquals
testSame
testNotSame
testNull
testNotNull
testAssertTrue
testAssertFalse
testFail
testFailNotEquals
testFailSame
testFailNotSame

Ran 12 tests.

OK (skipped=24)

--- Executing the 'misc' test suite ---
testUnboundVariable
ASSERT:assert message was not generated
ASSERT:test count message was not generated
ASSERT:failure message was not generated
testIssue7

Ran 2 tests.

FAILED (failures=3)


#------------------------------------------------------------------------------
# Running the test suite with /bin/bash
#
shell name: bash
shell version: 3.2.25(1)-release

--- Executing the 'asserts' test suite ---
testAssertEquals
testAssertNotEquals
testAssertSame
testAssertNotSame
testAssertNull
testAssertNotNull
testAssertTrue
testAssertFalse

Ran 8 tests.

OK

--- Executing the 'failures' test suite ---
testFail
testFailNotEquals
testFailSame

Ran 3 tests.

OK

--- Executing the 'macros' test suite ---
testAssertEquals
testAssertNotEquals
testSame
testNotSame
testNull
testNotNull
testAssertTrue
testAssertFalse
testFail
testFailNotEquals
testFailSame
testFailNotSame

Ran 12 tests.

OK

--- Executing the 'misc' test suite ---
testUnboundVariable
ASSERT:assert message was not generated
ASSERT:test count message was not generated
ASSERT:failure message was not generated
testIssue7

Ran 2 tests.

FAILED (failures=3)



#------------------------------------------------------------------------------
# Running the test suite with /bin/ksh
#
shell name: ksh
shell version: M-11/16/88i

--- Executing the 'asserts' test suite ---
testAssertEquals
testAssertNotEquals
testAssertSame
testAssertNotSame
testAssertNull
testAssertNotNull
testAssertTrue
testAssertFalse

Ran 8 tests.

OK

--- Executing the 'failures' test suite ---
testFail
testFailNotEquals
testFailSame

Ran 3 tests.

OK

--- Executing the 'macros' test suite ---
testAssertEquals
testAssertNotEquals
testSame
testNotSame
testNull
testNotNull
testAssertTrue
testAssertFalse
testFail
testFailNotEquals
testFailSame
testFailNotSame

Ran 12 tests.

OK

--- Executing the 'misc' test suite ---
testUnboundVariable
ASSERT:assert message was not generated
ASSERT:test count message was not generated
ASSERT:failure message was not generated
testIssue7

Ran 2 tests.

FAILED (failures=3)



#------------------------------------------------------------------------------
# Running the test suite with /bin/zsh
#
shell name: zsh
shell version: 4.3.4

--- Executing the 'asserts' test suite ---
testAssertEquals
testAssertNotEquals
testAssertSame
testAssertNotSame
testAssertNull
testAssertNotNull
testAssertTrue
testAssertFalse

Ran 8 tests.

OK

--- Executing the 'failures' test suite ---
testFail
testFailNotEquals
testFailSame

Ran 3 tests.

OK

--- Executing the 'macros' test suite ---
testAssertEquals
testAssertNotEquals
testSame
testNotSame
testNull
testNotNull
testAssertTrue
testAssertFalse
testFail
testFailNotEquals
testFailSame
testFailNotSame

Ran 12 tests.

OK

--- Executing the 'misc' test suite ---
testUnboundVariable
ASSERT:assert message was not generated
ASSERT:test count message was not generated
ASSERT:failure message was not generated
testIssue7

Ran 2 tests.

FAILED (failures=3)
